[    0.000000] Linux version 4.15.0-212-generic (buildd@lcy02-amd64-083) (gcc version 7.5.0 (Ubuntu 7.5.0-3ubuntu1~18.04)) #223-Ubuntu SMP Tue May 23 13:09:22 UTC 2023 (Ubuntu 4.15.0-212.223-generic 4.15.18)
[    0.000000] Command line: BOOT_IMAGE=/boot/vmlinuz-4.15.0-212-generic root=LABEL=cloudimg-rootfs ro console=tty1 console=ttyS0
[    0.000000] KERNEL supported cpus:
[    0.000000]   Intel GenuineIntel
[    0.000000]   AMD AuthenticAMD
[    0.000000]   Centaur CentaurHauls
[    0.000000] [Firmware Bug]: TSC doesn't count with P0 frequency!
[    0.000000] x86/fpu: Supporting XSAVE feature 0x001: 'x87 floating point registers'
[    0.000000] x86/fpu: Supporting XSAVE feature 0x002: 'SSE registers'
[    0.000000] x86/fpu: Supporting XSAVE feature 0x004: 'AVX registers'
[    0.000000] x86/fpu: xstate_offset[2]:  576, xstate_sizes[2]:  256
[    0.000000] x86/fpu: Enabled xstate features 0x7, context size is 832 bytes, using 'standard' format.
[    0.000000] e820: BIOS-provided physical RAM map:
[    0.000000] BIOS-e820: [mem 0x0000000000000000-0x000000000009fbff] usable
[    0.000000] BIOS-e820: [mem 0x000000000009fc00-0x000000000009ffff] reserved
[    0.000000] BIOS-e820: [mem 0x00000000000f0000-0x00000000000fffff] reserved
[    0.000000] BIOS-e820: [mem 0x0000000000100000-0x000000003ffeffff] usable
[    0.000000] BIOS-e820: [mem 0x000000003fff0000-0x000000003fffffff] ACPI data
[    0.000000] BIOS-e820: [mem 0x00000000fec00000-0x00000000fec00fff] reserved
[    0.000000] BIOS-e820: [mem 0x00000000fee00000-0x00000000fee00fff] reserved
[    0.000000] BIOS-e820: [mem 0x00000000fffc0000-0x00000000ffffffff] reserved
[    0.000000] NX (Execute Disable) protection: active
[    0.000000] SMBIOS 2.5 present.
[    0.000000] DMI: innotek GmbH VirtualBox/VirtualBox, BIOS VirtualBox 12/01/2006
[    0.000000] Hypervisor detected: KVM
[    0.000000] e820: last_pfn = 0x3fff0 max_arch_pfn = 0x400000000
[    0.000000] x86/PAT: Configuration [0-7]: WB  WC  UC- UC  WB  WP  UC- WT  
[    0.000000] found SMP MP-table at [mem 0x0009fbf0-0x0009fbff]
[    0.000000] Scanning 1 areas for low memory corruption
[    0.000000] RAMDISK: [mem 0x359cb000-0x36cdcfff]
[    0.000000] ACPI: Early table checksum verification disabled
[    0.000000] ACPI: RSDP 0x00000000000E0000 000024 (v02 VBOX  )
[    0.000000] ACPI: XSDT 0x000000003FFF0030 00003C (v01 VBOX   VBOXXSDT 00000001 ASL  00000061)
[    0.000000] ACPI: FACP 0x000000003FFF00F0 0000F4 (v04 VBOX   VBOXFACP 00000001 ASL  00000061)
[    0.000000] ACPI: DSDT 0x000000003FFF0610 002353 (v02 VBOX   VBOXBIOS 00000002 INTL 20230628)
[    0.000000] ACPI: FACS 0x000000003FFF0200 000040
[    0.000000] ACPI: FACS 0x000000003FFF0200 000040
[    0.000000] ACPI: APIC 0x000000003FFF0240 00005C (v02 VBOX   VBOXAPIC 00000001 ASL  00000061)
[    0.000000] ACPI: SSDT 0x000000003FFF02A0 00036C (v01 VBOX   VBOXCPUT 00000002 INTL 20230628)
[    0.000000] ACPI: Reserving FACP table memory at [mem 0x3fff00f0-0x3fff01e3]
[    0.000000] ACPI: Reserving DSDT table memory at [mem 0x3fff0610-0x3fff2962]
[    0.000000] ACPI: Reserving FACS table memory at [mem 0x3fff0200-0x3fff023f]
[    0.000000] ACPI: Reserving FACS table memory at [mem 0x3fff0200-0x3fff023f]
[    0.000000] ACPI: Reserving APIC table memory at [mem 0x3fff0240-0x3fff029b]
[    0.000000] ACPI: Reserving SSDT table memory at [mem 0x3fff02a0-0x3fff060b]
[    0.000000] No NUMA configuration found
[    0.000000] Faking a node at [mem 0x0000000000000000-0x000000003ffeffff]
[    0.000000] NODE_DATA(0) allocated [mem 0x3ffc5000-0x3ffeffff]
[    0.000000] kvm-clock: cpu 0, msr 0:3ff44001, primary cpu clock
[    0.000000] kvm-clock: Using msrs 4b564d01 and 4b564d00
[    0.000000] kvm-clock: using sched offset of 3230594580 cycles
[    0.000000] clocksource: kvm-clock: mask: 0xffffffffffffffff max_cycles: 0x1cd42e4dffb, max_idle_ns: 881590591483 ns
[    0.000000] Zone ranges:
[    0.000000]   DMA      [mem 0x0000000000001000-0x0000000000ffffff]
[    0.000000]   DMA32    [mem 0x0000000001000000-0x000000003ffeffff]
[    0.000000]   Normal   empty
[    0.000000]   Device   empty
[    0.000000] Movable zone start for each node
[    0.000000] Early memory node ranges
[    0.000000]   node   0: [mem 0x0000000000001000-0x000000000009efff]
[    0.000000]   node   0: [mem 0x0000000000100000-0x000000003ffeffff]
[    0.000000] Reserved but unavailable: 104 pages
[    0.000000] Initmem setup node 0 [mem 0x0000000000001000-0x000000003ffeffff]
[    0.000000] ACPI: PM-Timer IO Port: 0x4008
[    0.000000] IOAPIC[0]: apic_id 2, version 32, address 0xfec00000, GSI 0-23
[    0.000000] ACPI: INT_SRC_OVR (bus 0 bus_irq 0 global_irq 2 dfl dfl)
[    0.000000] ACPI: INT_SRC_OVR (bus 0 bus_irq 9 global_irq 9 low level)
[    0.000000] Using ACPI (MADT) for SMP configuration information
[    0.000000] smpboot: Allowing 2 CPUs, 0 hotplug CPUs
[    0.000000] PM: Registered nosave memory: [mem 0x00000000-0x00000fff]
[    0.000000] PM: Registered nosave memory: [mem 0x0009f000-0x0009ffff]
[    0.000000] PM: Registered nosave memory: [mem 0x000a0000-0x000effff]
[    0.000000] PM: Registered nosave memory: [mem 0x000f0000-0x000fffff]
[    0.000000] e820: [mem 0x40000000-0xfebfffff] available for PCI devices
[    0.000000] Booting paravirtualized kernel on KVM
[    0.000000] clocksource: refined-jiffies: mask: 0xffffffff max_cycles: 0xffffffff, max_idle_ns: 7645519600211568 ns
[    0.000000] setup_percpu: NR_CPUS:8192 nr_cpumask_bits:2 nr_cpu_ids:2 nr_node_ids:1
[    0.000000] percpu: Embedded 50 pages/cpu s167936 r8192 d28672 u1048576
[    0.000000] PV qspinlock hash table entries: 256 (order: 0, 4096 bytes)
[    0.000000] Built 1 zonelists, mobility grouping on.  Total pages: 257913
[    0.000000] Policy zone: DMA32
[    0.000000] Kernel command line: BOOT_IMAGE=/boot/vmlinuz-4.15.0-212-generic root=LABEL=cloudimg-rootfs ro console=tty1 console=ttyS0
[    0.000000] Memory: 982644K/1048120K available (12300K kernel code, 2477K rwdata, 4324K rodata, 2480K init, 2720K bss, 65476K reserved, 0K cma-reserved)
[    0.000000] SLUB: HWalign=64, Order=0-3, MinObjects=0, CPUs=2, Nodes=1
[    0.000000] ftrace: allocating 39508 entries in 155 pages
[    0.004000] Hierarchical RCU implementation.
[    0.004000] 	RCU restricting CPUs from NR_CPUS=8192 to nr_cpu_ids=2.
[    0.004000] 	Tasks RCU enabled.
[    0.004000] RCU: Adjusting geometry for rcu_fanout_leaf=16, nr_cpu_ids=2
[    0.004000] NR_IRQS: 524544, nr_irqs: 440, preallocated irqs: 16
[    0.004000] random: crng init done
[    0.004000] Console: colour VGA+ 80x25
[    0.004000] console [tty1] enabled
[    0.004000] console [ttyS0] enabled
[    0.004000] ACPI: Core revision 20170831
[    0.004000] ACPI: 2 ACPI AML tables successfully acquired and loaded
[    0.004000] APIC: Switch to symmetric I/O mode setup
[    0.004000] x2apic enabled
[    0.004000] Switched APIC routing to physical x2apic.
[    0.004000] ..TIMER: vector=0x30 apic1=0 pin1=2 apic2=-1 pin2=-1
[    0.004000] tsc: Detected 3393.624 MHz processor
[    0.004000] Calibrating delay loop (skipped) preset value.. 6787.24 BogoMIPS (lpj=13574496)
[    0.004000] pid_max: default: 32768 minimum: 301
[    0.004000] Security Framework initialized
[    0.004000] Yama: becoming mindful.
[    0.004000] AppArmor: AppArmor initialized
[    0.004000] Dentry cache hash table entries: 131072 (order: 8, 1048576 bytes)
[    0.004000] Inode-cache hash table entries: 65536 (order: 7, 524288 bytes)
[    0.004000] Mount-cache hash table entries: 2048 (order: 2, 16384 bytes)
[    0.004000] Mountpoint-cache hash table entries: 2048 (order: 2, 16384 bytes)
[    0.004000] Last level iTLB entries: 4KB 1024, 2MB 1024, 4MB 512
[    0.004000] Last level dTLB entries: 4KB 1536, 2MB 1536, 4MB 768, 1GB 0
[    0.004000] Spectre V1 : Mitigation: usercopy/swapgs barriers and __user pointer sanitization
[    0.004000] Spectre V2 : Mitigation: Retpolines
[    0.004000] Spectre V2 : Spectre v2 / SpectreRSB mitigation: Filling RSB on context switch
[    0.004000] Spectre V2 : Spectre v2 / SpectreRSB : Filling RSB on VMEXIT
[    0.004000] RETBleed: Vulnerable
[    0.004000] Freeing SMP alternatives memory: 36K
[    0.131698] APIC calibration not consistent with PM-Timer: 107ms instead of 100ms
[    0.132000] APIC delta adjusted to PM-Timer: 6425743 (6921289)
[    0.132052] smpboot: CPU0: AMD Ryzen 5 2600 Six-Core Processor (family: 0x17, model: 0x8, stepping: 0x2)
[    0.133567] Performance Events: PMU not available due to virtualization, using software events only.
[    0.135194] Hierarchical SRCU implementation.
[    0.136203] NMI watchdog: Perf event create on CPU 0 failed with -2
[    0.137397] NMI watchdog: Perf NMI watchdog permanently disabled
[    0.138468] smp: Bringing up secondary CPUs ...
[    0.139297] x86: Booting SMP configuration:
[    0.139991] .... node  #0, CPUs:      #1
[    0.004000] kvm-clock: cpu 1, msr 0:3ff44041, secondary cpu clock
[    0.144046] smp: Brought up 1 node, 2 CPUs
[    0.144958] smpboot: Max logical packages: 1
[    0.145753] smpboot: Total of 2 processors activated (13574.49 BogoMIPS)
[    0.148384] devtmpfs: initialized
[    0.148665] x86/mm: Memory block size: 128MB
[    0.149484] evm: security.selinux
[    0.150129] evm: security.SMACK64
[    0.150751] evm: security.SMACK64EXEC
[    0.151392] evm: security.SMACK64TRANSMUTE
[    0.152008] evm: security.SMACK64MMAP
[    0.152791] evm: security.apparmor
[    0.153375] evm: security.ima
[    0.153899] evm: security.capability
[    0.156030] clocksource: jiffies: mask: 0xffffffff max_cycles: 0xffffffff, max_idle_ns: 7645041785100000 ns
[    0.160053] futex hash table entries: 512 (order: 3, 32768 bytes)
[    0.160158] pinctrl core: initialized pinctrl subsystem
[    0.165291] RTC time:  0:05:46, date: 11/26/24
[    0.168181] NET: Registered protocol family 16
[    0.170049] audit: initializing netlink subsys (disabled)
[    0.172039] audit: type=2000 audit(1732579551.519:1): state=initialized audit_enabled=0 res=1
[    0.173549] cpuidle: using governor ladder
[    0.173549] cpuidle: using governor menu
[    0.176101] ACPI: bus type PCI registered
[    0.177376] acpiphp: ACPI Hot Plug PCI Controller Driver version: 0.5
[    0.179506] PCI: Using configuration type 1 for base access
[    0.180006] PCI: Using configuration type 1 for extended access
[    0.185186] HugeTLB registered 2.00 MiB page size, pre-allocated 0 pages
[    0.188111] ACPI: Added _OSI(Module Device)
[    0.188111] ACPI: Added _OSI(Processor Device)
[    0.189255] ACPI: Added _OSI(3.0 _SCP Extensions)
[    0.190585] ACPI: Added _OSI(Processor Aggregator Device)
[    0.192005] ACPI: Added _OSI(Linux-Dell-Video)
[    0.193265] ACPI: Added _OSI(Linux-Lenovo-NV-HDMI-Audio)
[    0.194693] ACPI: Added _OSI(Linux-HPI-Hybrid-Graphics)
[    0.196287] ACPI: Executed 1 blocks of module-level executable AML code
[    0.202588] ACPI: Interpreter enabled
[    0.203311] ACPI: (supports S0 S5)
[    0.203982] ACPI: Using IOAPIC for interrupt routing
[    0.204214] PCI: Using host bridge windows from ACPI; if necessary, use "pci=nocrs" and report a bug
[    0.206062] ACPI: Enabled 2 GPEs in block 00 to 07
[    0.212324] ACPI: PCI Root Bridge [PCI0] (domain 0000 [bus 00-ff])
[    0.213469] acpi PNP0A03:00: _OSC: OS supports [ExtendedConfig ASPM ClockPM Segments MSI]
[    0.215913] acpi PNP0A03:00: _OSC: platform does not support [PCIeCapability]
[    0.216479] acpi PNP0A03:00: _OSC: not requesting control; platform does not support [PCIeCapability]
[    0.218192] acpi PNP0A03:00: _OSC: OS requested [PCIeHotplug PME AER PCIeCapability]
[    0.219621] acpi PNP0A03:00: _OSC: platform willing to grant [PCIeHotplug PME AER]
[    0.220003] acpi PNP0A03:00: _OSC failed (AE_SUPPORT); disabling ASPM
[    0.221375] PCI host bridge to bus 0000:00
[    0.223132] pci_bus 0000:00: root bus resource [io  0x0000-0x0cf7 window]
[    0.224003] pci_bus 0000:00: root bus resource [io  0x0d00-0xffff window]
[    0.225176] pci_bus 0000:00: root bus resource [mem 0x000a0000-0x000bffff window]
[    0.228004] pci_bus 0000:00: root bus resource [mem 0x40000000-0xfdffffff window]
[    0.229416] pci_bus 0000:00: root bus resource [bus 00-ff]
[    0.232248] pci 0000:00:01.1: legacy IDE quirk: reg 0x10: [io  0x01f0-0x01f7]
[    0.233517] pci 0000:00:01.1: legacy IDE quirk: reg 0x14: [io  0x03f6]
[    0.234677] pci 0000:00:01.1: legacy IDE quirk: reg 0x18: [io  0x0170-0x0177]
[    0.235929] pci 0000:00:01.1: legacy IDE quirk: reg 0x1c: [io  0x0376]
[    0.244627] pci 0000:00:07.0: quirk: [io  0x4000-0x403f] claimed by PIIX4 ACPI
[    0.245997] pci 0000:00:07.0: quirk: [io  0x4100-0x410f] claimed by PIIX4 SMB
[    0.250397] ACPI: PCI Interrupt Link [LNKA] (IRQs 5 9 10 *11)
[    0.251698] ACPI: PCI Interrupt Link [LNKB] (IRQs 5 9 *10 11)
[    0.252093] ACPI: PCI Interrupt Link [LNKC] (IRQs 5 *9 10 11)
[    0.253229] ACPI: PCI Interrupt Link [LNKD] (IRQs 5 9 10 *11)
[    0.254565] SCSI subsystem initialized
[    0.256040] pci 0000:00:02.0: vgaarb: setting as boot VGA device
[    0.257106] pci 0000:00:02.0: vgaarb: VGA device added: decodes=io+mem,owns=io+mem,locks=none
[    0.257106] pci 0000:00:02.0: vgaarb: bridge control possible
[    0.257106] vgaarb: loaded
[    0.260014] ACPI: bus type USB registered
[    0.260813] usbcore: registered new interface driver usbfs
[    0.261832] usbcore: registered new interface driver hub
[    0.262806] usbcore: registered new device driver usb
[    0.264015] EDAC MC: Ver: 3.0.0
[    0.264844] PCI: Using ACPI for IRQ routing
[    0.265070] NetLabel: Initializing
[    0.265797] NetLabel:  domain hash size = 128
[    0.268003] NetLabel:  protocols = UNLABELED CIPSOv4 CALIPSO
[    0.269098] NetLabel:  unlabeled traffic allowed by default
[    0.270159] clocksource: Switched to clocksource kvm-clock
[    0.278637] VFS: Disk quotas dquot_6.6.0
[    0.279516] VFS: Dquot-cache hash table entries: 512 (order 0, 4096 bytes)
[    0.280876] AppArmor: AppArmor Filesystem Enabled
[    0.281778] pnp: PnP ACPI init
[    0.283172] pnp: PnP ACPI: found 3 devices
[    0.291272] clocksource: acpi_pm: mask: 0xffffff max_cycles: 0xffffff, max_idle_ns: 2085701024 ns
[    0.293010] NET: Registered protocol family 2
[    0.293851] IP idents hash table entries: 16384 (order: 5, 131072 bytes)
[    0.295695] TCP established hash table entries: 8192 (order: 4, 65536 bytes)
[    0.296962] TCP bind hash table entries: 8192 (order: 5, 131072 bytes)
[    0.298167] TCP: Hash tables configured (established 8192 bind 8192)
[    0.299304] UDP hash table entries: 512 (order: 2, 16384 bytes)
[    0.300349] UDP-Lite hash table entries: 512 (order: 2, 16384 bytes)
[    0.301558] NET: Registered protocol family 1
[    0.302339] pci 0000:00:00.0: Limiting direct PCI/PCI transfers
[    0.303410] pci 0000:00:01.0: Activating ISA DMA hang workarounds
[    0.304467] pci 0000:00:02.0: Video device with shadowed ROM at [mem 0x000c0000-0x000dffff]
[    0.306080] Unpacking initramfs...
[    0.550458] Freeing initrd memory: 19528K
[    0.551377] clocksource: tsc: mask: 0xffffffffffffffff max_cycles: 0x30eac774559, max_idle_ns: 440795212956 ns
[    0.553201] platform rtc_cmos: registered platform RTC device (no PNP device found)
[    0.554695] Scanning for low memory corruption every 60 seconds
[    0.556812] Initialise system trusted keyrings
[    0.557647] Key type blacklist registered
[    0.558464] workingset: timestamp_bits=36 max_order=18 bucket_order=0
[    0.560403] zbud: loaded
[    0.561474] squashfs: version 4.0 (2009/01/31) Phillip Lougher
[    0.562664] fuse init (API version 7.26)
[    0.565576] Key type asymmetric registered
[    0.566386] Asymmetric key parser 'x509' registered
[    0.567299] Block layer SCSI generic (bsg) driver version 0.4 loaded (major 246)
[    0.568773] io scheduler noop registered
[    0.569501] io scheduler deadline registered
[    0.570342] io scheduler cfq registered (default)
[    0.571426] ACPI: AC Adapter [AC] (on-line)
[    0.572283] input: Power Button as /devices/LNXSYSTM:00/LNXPWRBN:00/input/input0
[    0.573666] ACPI: Power Button [PWRF]
[    0.574442] input: Sleep Button as /devices/LNXSYSTM:00/LNXSLPBN:00/input/input1
[    0.575846] ACPI: Sleep Button [SLPF]
[    0.577296] ACPI: Battery Slot [BAT0] (battery present)
[    0.578364] Serial: 8250/16550 driver, 32 ports, IRQ sharing enabled
[    0.600004] 00:02: ttyS0 at I/O 0x3f8 (irq = 4, base_baud = 115200) is a 16550A
[    0.603286] Linux agpgart interface v0.103
[    0.605827] loop: module loaded
[    0.606945] scsi host0: ata_piix
[    0.607746] scsi host1: ata_piix
[    0.608470] ata1: PATA max UDMA/33 cmd 0x1f0 ctl 0x3f6 bmdma 0xd000 irq 14
[    0.609603] ata2: PATA max UDMA/33 cmd 0x170 ctl 0x376 bmdma 0xd008 irq 15
[    0.610959] tun: Universal TUN/TAP device driver, 1.6
[    0.611987] PPP generic driver version 2.4.2
[    0.612822] ehci_hcd: USB 2.0 'Enhanced' Host Controller (EHCI) Driver
[    0.613990] ehci-pci: EHCI PCI platform driver
[    0.614832] ehci-platform: EHCI generic platform driver
[    0.615770] ohci_hcd: USB 1.1 'Open' Host Controller (OHCI) Driver
[    0.616793] ohci-pci: OHCI PCI platform driver
[    0.617602] ohci-platform: OHCI generic platform driver
[    0.618517] uhci_hcd: USB Universal Host Controller Interface driver
[    0.619675] i8042: PNP: PS/2 Controller [PNP0303:PS2K,PNP0f03:PS2M] at 0x60,0x64 irq 1,12
[    0.621577] serio: i8042 KBD port at 0x60,0x64 irq 1
[    0.622441] serio: i8042 AUX port at 0x60,0x64 irq 12
[    0.623526] mousedev: PS/2 mouse device common for all mice
[    0.624938] input: AT Translated Set 2 keyboard as /devices/platform/i8042/serio0/input/input2
[    0.626726] rtc_cmos rtc_cmos: rtc core: registered rtc_cmos as rtc0
[    0.627876] rtc_cmos rtc_cmos: alarms up to one day, 114 bytes nvram
[    0.628994] i2c /dev entries driver
[    0.629689] device-mapper: uevent: version 1.0.3
[    0.630578] device-mapper: ioctl: 4.37.0-ioctl (2017-09-20) initialised: dm-devel@redhat.com
[    0.632147] ledtrig-cpu: registered to indicate activity on CPUs
[    0.633529] NET: Registered protocol family 10
[    0.637376] Segment Routing with IPv6
[    0.638130] NET: Registered protocol family 17
[    0.639028] Key type dns_resolver registered
[    0.639966] mce: Using 0 MCE banks
[    0.640598] RAS: Correctable Errors collector initialized.
[    0.641593] sched_clock: Marking stable (640582956, 0)->(807444302, -166861346)
[    0.643245] registered taskstats version 1
[    0.644074] Loading compiled-in X.509 certificates
[    0.646622] Loaded X.509 cert 'Build time autogenerated kernel key: b5b26778eaa3ab3a4a6cee031137706e947d12ad'
[    0.649029] Loaded X.509 cert 'Canonical Ltd. Live Patch Signing: 14df34d1a87cf37625abec039ef2bf521249b969'
[    0.651315] Loaded X.509 cert 'Canonical Ltd. Kernel Module Signing: 88f752e560a1e0737e31163a466ad7b70a850c19'
[    0.653180] blacklist: Loading compiled-in revocation X.509 certificates
[    0.654346] Loaded X.509 cert 'Canonical Ltd. Secure Boot Signing: 61482aa2830d0ab2ad5af10b7250da9033ddcef0'
[    0.656134] Loaded X.509 cert 'Canonical Ltd. Secure Boot Signing (2017): 242ade75ac4a15e50d50c84b0d45ff3eae707a03'
[    0.658012] Loaded X.509 cert 'Canonical Ltd. Secure Boot Signing (ESM 2018): 365188c1d374d6b07c3c8f240f8ef722433d6a8b'
[    0.659917] Loaded X.509 cert 'Canonical Ltd. Secure Boot Signing (2019): c0746fd6c5da3ae827864651ad66ae47fe24b3e8'
[    0.661869] Loaded X.509 cert 'Canonical Ltd. Secure Boot Signing (2021 v1): a8d54bbb3825cfb94fa13c9f8a594a195c107b8d'
[    0.663796] Loaded X.509 cert 'Canonical Ltd. Secure Boot Signing (2021 v2): 4cf046892d6fd3c9a5b03f98d845f90851dc6a8c'
[    0.665713] Loaded X.509 cert 'Canonical Ltd. Secure Boot Signing (2021 v3): 100437bb6de6e469b581e61cd66bce3ef4ed53af'
[    0.667638] Loaded X.509 cert 'Canonical Ltd. Secure Boot Signing (Ubuntu Core 2019): c1d57b8f6b743f23ee41f4f7ee292f06eecadfb9'
[    0.669706] zswap: loaded using pool lzo/zbud
[    0.673013] Key type big_key registered
[    0.673716] Key type trusted registered
[    0.675799] Key type encrypted registered
[    0.676536] AppArmor: AppArmor sha1 policy hashing enabled
[    0.677519] ima: No TPM chip found, activating TPM-bypass! (rc=-19)
[    0.678645] ima: Allocated hash algorithm: sha1
[    0.679503] evm: HMAC attrs: 0x1
[    0.680250]   Magic number: 0:495:52
[    0.681052] rtc_cmos rtc_cmos: setting system clock to 2024-11-26 00:05:47 UTC (1732579547)
[    0.682595] BIOS EDD facility v0.16 2004-Jun-25, 0 devices found
[    0.683716] EDD information not available.
[    0.794344] Freeing unused kernel image memory: 2480K
[    0.808135] Write protecting the kernel read-only data: 20480k
[    0.809691] Freeing unused kernel image memory: 2008K
[    0.810931] Freeing unused kernel image memory: 1820K
[    0.819098] x86/mm: Checked W+X mappings: passed, no W+X pages found.
Loading, please wait...
starting version 237
[    0.867847] e1000: Intel(R) PRO/1000 Network Driver - version 7.3.21-k8-NAPI
[    0.869144] e1000: Copyright (c) 1999-2006 Intel Corporation.
[    0.877009] Fusion MPT base driver 3.04.20
[    0.878072] Copyright (c) 1999-2008 LSI Corporation
[    0.883544] Fusion MPT SPI Host driver 3.04.20
[    0.896995] AVX2 version of gcm_enc/dec engaged.
[    0.897887] AES CTR mode by8 optimization enabled
[    1.094911] input: ImExPS/2 Generic Explorer Mouse as /devices/platform/i8042/serio1/input/input4
[    1.388919] e1000 0000:00:03.0 eth0: (PCI:33MHz:32-bit) 02:3b:7b:b7:3b:2d
[    1.389896] e1000 0000:00:03.0 eth0: Intel(R) PRO/1000 Network Connection
[    1.392091] mptbase: ioc0: Initiating bringup
[    1.392380] e1000 0000:00:03.0 enp0s3: renamed from eth0
[    1.504543] ioc0: LSI53C1030 A0: Capabilities={Initiator}
[    1.766037] scsi host2: ioc0: LSI53C1030 A0, FwRev=00000000h, Ports=1, MaxQ=256, IRQ=20
[    2.060656] scsi 2:0:0:0: Direct-Access     VBOX     HARDDISK         1.0  PQ: 0 ANSI: 5
[    2.396132] scsi target2:0:0: Beginning Domain Validation
[    2.398918] scsi target2:0:0: Domain Validation skipping write tests
[    2.401706] scsi target2:0:0: Ending Domain Validation
[    2.404024] scsi target2:0:0: asynchronous
[    2.406667] scsi 2:0:1:0: Direct-Access     VBOX     HARDDISK         1.0  PQ: 0 ANSI: 5
[    2.596442] scsi target2:0:1: Beginning Domain Validation
[    2.600299] scsi target2:0:1: Domain Validation skipping write tests
[    2.601165] scsi target2:0:1: Ending Domain Validation
[    2.601901] scsi target2:0:1: asynchronous
[    2.605835] sd 2:0:0:0: [sda] 83886080 512-byte logical blocks: (42.9 GB/40.0 GiB)
[    2.606971] sd 2:0:0:0: Attached scsi generic sg0 type 0
[    2.607702] sd 2:0:0:0: [sda] Write Protect is off
[    2.608475] sd 2:0:0:0: [sda] Incomplete mode parameter data
[    2.609247] sd 2:0:0:0: [sda] Assuming drive cache: write through
[    2.610681] sd 2:0:1:0: Attached scsi generic sg1 type 0
[    2.611616] sd 2:0:1:0: [sdb] 20480 512-byte logical blocks: (10.5 MB/10.0 MiB)
[    2.612785] sd 2:0:1:0: [sdb] Write Protect is off
[    2.613582] sd 2:0:1:0: [sdb] Incomplete mode parameter data
[    2.614331] sd 2:0:1:0: [sdb] Assuming drive cache: write through
[    2.615916]  sda: sda1
[    2.618645] sd 2:0:1:0: [sdb] Attached SCSI disk
[    2.621467] sd 2:0:0:0: [sda] Attached SCSI disk
Begin: Loading essential drivers ... [    4.228137] raid6: sse2x1   gen()  7635 MB/s
[    4.276131] raid6: sse2x1   xor()  7281 MB/s
[    4.324130] raid6: sse2x2   gen() 15458 MB/s
[    4.372136] raid6: sse2x2   xor()  9812 MB/s
[    4.420159] raid6: sse2x4   gen() 15626 MB/s
[    4.468129] raid6: sse2x4   xor()  8843 MB/s
[    4.516134] raid6: avx2x1   gen() 17913 MB/s
[    4.564130] raid6: avx2x1   xor() 12897 MB/s
[    4.612134] raid6: avx2x2   gen() 23527 MB/s
[    4.660130] raid6: avx2x2   xor() 14118 MB/s
[    4.708128] raid6: avx2x4   gen() 24012 MB/s
[    4.756130] raid6: avx2x4   xor() 11759 MB/s
[    4.756917] raid6: using algorithm avx2x4 gen() 24012 MB/s
[    4.757805] raid6: .... xor() 11759 MB/s, rmw enabled
[    4.758600] raid6: using avx2x2 recovery algorithm
[    4.760726] xor: automatically using best checksumming function   avx       
[    4.762700] async_tx: api initialized (async)
done.
Begin: Running /scripts/init-premount ... done.
Begin: Mounting root file system ... Begin: Running /scripts/local-top ... done.
Begin: Running /scripts/local-premount ... [    4.799643] Btrfs loaded, crc32c=crc32c-intel
Scanning for Btrfs filesystems
done.
Warning: fsck not present, so skipping root file system
[    4.833202] EXT4-fs (sda1): mounted filesystem with ordered data mode. Opts: (null)
done.
Begin: Running /scripts/local-bottom ... done.
Begin: Running /scripts/init-bottom ... done.
[    5.287747] ip_tables: (C) 2000-2006 Netfilter Core Team
[    5.328232] systemd[1]: systemd 237 running in system mode. (+PAM +AUDIT +SELINUX +IMA +APPARMOR +SMACK +SYSVINIT +UTMP +LIBCRYPTSETUP +GCRYPT +GNUTLS +ACL +XZ +LZ4 +SECCOMP +BLKID +ELFUTILS +KMOD -IDN2 +IDN -PCRE2 default-hierarchy=hybrid)
[    5.337245] systemd[1]: Detected virtualization oracle.
[    5.339441] systemd[1]: Detected architecture x86-64.

Welcome to [1mUbuntu 18.04.6 LTS[0m!

[    5.371782] systemd[1]: Set hostname to <ubuntu>.
[    5.383949] systemd[1]: Initializing machine ID from random generator.
[    5.386789] systemd[1]: Installed transient /etc/machine-id file.
[    6.070853] systemd[1]: Started Forward Password Requests to Wall Directory Watch.
[[0;32m  OK  [0m] Started Forward Password Requests to Wall Directory Watch.
[    6.075042] systemd[1]: Reached target User and Group Name Lookups.
[[0;32m  OK  [0m] Reached target User and Group Name Lookups.
[    6.080499] systemd[1]: Created slice User and Session Slice.
[[0;32m  OK  [0m] Created slice User and Session Slice.
[    6.083510] systemd[1]: Reached target System Time Synchronized.
[[0;32m  OK  [0m] Reached target System Time Synchronized.
[[0;32m  OK  [0m] Reached target Mounting snaps.
[[0;32m  OK  [0m] Set up automount Arbitrary Executab…rmats File System Automount Point.
[[0;32m  OK  [0m] Created slice System Slice.
[[0;32m  OK  [0m] Listening on LVM2 metadata daemon socket.
[[0;32m  OK  [0m] Created slice system-serial\x2dgetty.slice.
[[0;32m  OK  [0m] Listening on udev Kernel Socket.
[[0;32m  OK  [0m] Listening on Journal Socket (/dev/log).
[[0;32m  OK  [0m] Listening on Device-mapper event daemon FIFOs.
[[0;32m  OK  [0m] Reached target Slices.
[[0;32m  OK  [0m] Listening on Syslog Socket.
[[0;32m  OK  [0m] Listening on /dev/initctl Compatibility Named Pipe.
[[0;32m  OK  [0m] Listening on Network Service Netlink Socket.
[[0;32m  OK  [0m] Listening on LVM2 poll daemon socket.
[[0;32m  OK  [0m] Listening on Journal Audit Socket.
[[0;32m  OK  [0m] Reached target Mounted snaps.
[[0;32m  OK  [0m] Listening on fsck to fsckd communication Socket.
[[0;32m  OK  [0m] Reached target Swap.
[[0;32m  OK  [0m] Listening on udev Control Socket.
[[0;32m  OK  [0m] Listening on Journal Socket.
         Starting Load Kernel Modules...
         Starting Create list of required st…ce nodes for the current kernel...
         Mounting Huge Pages File System...
         Starting udev Coldplug all Devices...
         Mounting Kernel Debug File System...
         Starting Set the console keyboard layout...
         Starting Journal Service...
         Starting Uncomplicated firewall...
         Starting Monitoring of LVM2 mirrors…ng dmeventd or progress polling...
         Starting File System Check on Root Device...
         Mounting POSIX Message Queue File System...
[[0;32m  OK  [0m] Started Create list of required sta…vice nodes for the current kernel.
[[0;32m  OK  [0m] Mounted Huge Pages File System.
[[0;32m  OK  [0m] Mounted Kernel Debug File System.
[[0;32m  OK  [0m] Mounted POSIX Message Queue File System.
[[0;32m  OK  [0m] Started Uncomplicated firewall.
         Starting Create Static Device Nodes in /dev...
[[0;32m  OK  [0m] Started udev Coldplug all Devices.
[[0;32m  OK  [0m] Started Journal Service.
[    6.257004] Loading iSCSI transport class v2.0-870.
[[0;32m  OK  [0m] Started File System Check Daemon to report status.
[[0;32m  OK  [0m] Started Create Static Device Nodes in /dev.
[[0;32m  OK  [0m] Started File System Check on Root Device.
         Starting Remount Root and Kernel File Systems...
[    6.396687] iscsi: registered transport (tcp)
[    6.421965] iscsi: registered transport (iser)
[[0;32m  OK  [0m] Started Load Kernel Modules.
         Mounting Kernel Configuration File System...
         Starting Apply Kernel Variables...
         Mounting FUSE Control File System...
[[0;32m  OK  [0m] Mounted Kernel Configuration File System.
[[0;32m  OK  [0m] Mounted FUSE Control File System.
[[0;32m  OK  [0m] Started LVM2 metadata daemon.
[[0;32m  OK  [0m] Started Remount Root and Kernel File Systems.
         Starting Flush Journal to Persistent Storage...
         Starting Load/Save Random Seed...
         Starting udev Kernel Device Manager...
[[0;32m  OK  [0m] Started Apply Kernel Variables.
[[0;32m  OK  [0m] Started Load/Save Random Seed.
[[0;32m  OK  [0m] Started Monitoring of LVM2 mirrors,…sing dmeventd or progress polling.
[[0;32m  OK  [0m] Started udev Kernel Device Manager.
[[0;32m  OK  [0m] Started Flush Journal to Persistent Storage.
[[0;32m  OK  [0m] Found device /dev/ttyS0.
[[0;32m  OK  [0m] Listening on Load/Save RF Kill Switch Status /dev/rfkill Watch.
         Mounting Arbitrary Executable File Formats File System...
[[0;32m  OK  [0m] Mounted Arbitrary Executable File Formats File System.
[[0;32m  OK  [0m] Started Set the console keyboard layout.
[[0;32m  OK  [0m] Started Dispatch Password Requests to Console Directory Watch.
[[0;32m  OK  [0m] Reached target Local Encrypted Volumes.
[[0;32m  OK  [0m] Reached target Local File Systems (Pre).
[[0;32m  OK  [0m] Reached target Local File Systems.
         Starting Set console font and keymap...
         Starting Create Volatile Files and Directories...
         Starting Commit a transient machine-id on disk...
         Starting AppArmor initialization...
         Starting Tell Plymouth To Write Out Runtime Data...
         Starting ebtables ruleset management...
[[0;32m  OK  [0m] Started Create Volatile Files and Directories.
         Starting Update UTMP about System Boot/Shutdown...
[[0;32m  OK  [0m] Started Tell Plymouth To Write Out Runtime Data.
[[0;32m  OK  [0m] Started Update UTMP about System Boot/Shutdown.
[[0;32m  OK  [0m] Started Commit a transient machine-id on disk.
[[0;32m  OK  [0m] Started ebtables ruleset management.
[[0;32m  OK  [0m] Started Set console font and keymap.
[[0;32m  OK  [0m] Started AppArmor initialization.
         Starting Load AppArmor profiles managed internally by snapd...
         Starting Initial cloud-init job (pre-networking)...
[[0;32m  OK  [0m] Started Load AppArmor profiles managed internally by snapd.
[   10.562892] cloud-init[803]: Cloud-init v. 23.1.2-0ubuntu0~18.04.1 running 'init-local' at Tue, 26 Nov 2024 00:05:57 +0000. Up 10.18 seconds.
[[0;32m  OK  [0m] Started Initial cloud-init job (pre-networking).
[[0;32m  OK  [0m] Reached target Network (Pre).
         Starting Network Service...
[[0;32m  OK  [0m] Started Network Service.
         Starting Network Name Resolution...
         Starting Wait for Network to be Configured...
[[0;32m  OK  [0m] Started Network Name Resolution.
[[0;32m  OK  [0m] Reached target Network.
[[0;32m  OK  [0m] Reached target Host and Network Name Lookups.
[[0;32m  OK  [0m] Started Wait for Network to be Configured.
         Starting Initial cloud-init job (metadata service crawler)...
[   12.553489] cloud-init[943]: Cloud-init v. 23.1.2-0ubuntu0~18.04.1 running 'init' at Tue, 26 Nov 2024 00:05:59 +0000. Up 12.41 seconds.
[   12.554652] cloud-init[943]: ci-info: ++++++++++++++++++++++++++++++++++++++Net device info++++++++++++++++++++++++++++++++++++++
[   12.568336] cloud-init[943]: ci-info: +--------+------+----------------------------+---------------+--------+-------------------+
[   12.569122] cloud-init[943]: ci-info: | Device |  Up  |          Address           |      Mask     | Scope  |     Hw-Address    |
[   12.570106] cloud-init[943]: ci-info: +--------+------+----------------------------+---------------+--------+-------------------+
[   12.570812] cloud-init[943]: ci-info: | enp0s3 | True |         10.0.2.15          | 255.255.255.0 | global | 02:3b:7b:b7:3b:2d |
[   12.580310] cloud-init[943]: ci-info: | enp0s3 | True | fd00::3b:7bff:feb7:3b2d/64 |       .       | global | 02:3b:7b:b7:3b:2d |
[   12.592284] cloud-init[943]: ci-info: | enp0s3 | True | fe80::3b:7bff:feb7:3b2d/64 |       .       |  link  | 02:3b:7b:b7:3b:2d |
[   12.604304] cloud-init[943]: ci-info: |   lo   | True |         127.0.0.1          |   255.0.0.0   |  host  |         .         |
[   12.616307] cloud-init[943]: ci-info: |   lo   | True |          ::1/128           |       .       |  host  |         .         |
[   12.617017] cloud-init[943]: ci-info: +--------+------+----------------------------+---------------+--------+-------------------+
[   12.628559] cloud-init[943]: ci-info: ++++++++++++++++++++++++++++Route IPv4 info+++++++++++++++++++++++++++++
[   12.640282] cloud-init[943]: ci-info: +-------+-------------+----------+-----------------+-----------+-------+
[   12.652233] cloud-init[943]: ci-info: | Route | Destination | Gateway  |     Genmask     | Interface | Flags |
[   12.652889] cloud-init[943]: ci-info: +-------+-------------+----------+-----------------+-----------+-------+
[   12.653487] cloud-init[943]: ci-info: |   0   |   0.0.0.0   | 10.0.2.2 |     0.0.0.0     |   enp0s3  |   UG  |
[   12.664279] cloud-init[943]: ci-info: |   1   |   10.0.2.0  | 0.0.0.0  |  255.255.255.0  |   enp0s3  |   U   |
[   12.665073] cloud-init[943]: ci-info: |   2   |   10.0.2.2  | 0.0.0.0  | 255.255.255.255 |   enp0s3  |   UH  |
[   12.665865] cloud-init[943]: ci-info: +-------+-------------+----------+-----------------+-----------+-------+
[   12.666662] cloud-init[943]: ci-info: +++++++++++++++++++Route IPv6 info+++++++++++++++++++
[   12.667259] cloud-init[943]: ci-info: +-------+-------------+---------+-----------+-------+
[   12.667879] cloud-init[943]: ci-info: | Route | Destination | Gateway | Interface | Flags |
[   12.668494] cloud-init[943]: ci-info: +-------+-------------+---------+-----------+-------+
[   12.669006] cloud-init[943]: ci-info: |   1   |  fd00::/64  |    ::   |   enp0s3  |   U   |
[   12.684265] cloud-init[943]: ci-info: |   2   |  fe80::/64  |    ::   |   enp0s3  |   U   |
[   12.684968] cloud-init[943]: ci-info: |   3   |     ::/0    | fe80::2 |   enp0s3  |   UG  |
[   12.685714] cloud-init[943]: ci-info: |   5   |    local    |    ::   |   enp0s3  |   U   |
[   12.686386] cloud-init[943]: ci-info: |   6   |   ff00::/8  |    ::   |   enp0s3  |   U   |
[   12.687079] cloud-init[943]: ci-info: +-------+-------------+---------+-----------+-------+
[   14.254326] cloud-init[943]: Generating public/private rsa key pair.
[   14.254995] cloud-init[943]: Your identification has been saved in /etc/ssh/ssh_host_rsa_key.
[   14.255748] cloud-init[943]: Your public key has been saved in /etc/ssh/ssh_host_rsa_key.pub.
[   14.256550] cloud-init[943]: The key fingerprint is:
[   14.257144] cloud-init[943]: SHA256:IovdFfMOiRpmfmbDLFLNwrZI29IRRLV5c4Ek2WF1lJo root@ubuntu-bionic
[   14.257933] cloud-init[943]: The key's randomart image is:
[   14.258482] cloud-init[943]: +---[RSA 2048]----+
[   14.258921] cloud-init[943]: |   .o.o+++o.o.   |
[   14.259454] cloud-init[943]: |   .  .=o  o.    |
[   14.259968] cloud-init[943]: |    . o = .o     |
[   14.260510] cloud-init[943]: |   . + o BE      |
[   14.260993] cloud-init[943]: |  . @ = S .      |
[   14.261509] cloud-init[943]: | . & % o o       |
[   14.261901] cloud-init[943]: |  * X O   .      |
[   14.262350] cloud-init[943]: |   o = .         |
[   14.262797] cloud-init[943]: |                 |
[   14.263198] cloud-init[943]: +----[SHA256]-----+
[   14.263668] cloud-init[943]: Generating public/private dsa key pair.
[   14.264329] cloud-init[943]: Your identification has been saved in /etc/ssh/ssh_host_dsa_key.
[   14.265011] cloud-init[943]: Your public key has been saved in /etc/ssh/ssh_host_dsa_key.pub.
[   14.265631] cloud-init[943]: The key fingerprint is:
[   14.266147] cloud-init[943]: SHA256:ptrcvv2vqBpydogA2cfAXqS7EP4PQ8fOzw1+N8ljgWQ root@ubuntu-bionic
[   14.266856] cloud-init[943]: The key's randomart image is:
[   14.267324] cloud-init[943]: +---[DSA 1024]----+
[   14.267791] cloud-init[943]: | ....            |
[   14.268287] cloud-init[943]: | o.+.            |
[   14.268747] cloud-init[943]: |+.o.o            |
[   14.269185] cloud-init[943]: |.o.o.    E       |
[   14.269613] cloud-init[943]: |..o. o  S .      |
[   14.270080] cloud-init[943]: | .oo+. + . .     |
[   14.270508] cloud-init[943]: |  .+oo*.. . o    |
[   14.270923] cloud-init[943]: |    +B++oo O     |
[   14.271379] cloud-init[943]: |    ..+**+=.=o.  |
[   14.271792] cloud-init[943]: +----[SHA256]-----+
[   14.272300] cloud-init[943]: Generating public/private ecdsa key pair.
[   14.272842] cloud-init[943]: Your identification has been saved in /etc/ssh/ssh_host_ecdsa_key.
[   14.273509] cloud-init[943]: Your public key has been saved in /etc/ssh/ssh_host_ecdsa_key.pub.
[   14.274208] cloud-init[943]: The key fingerprint is:
[   14.274695] cloud-init[943]: SHA256:cFwyWEj6tlC5aWfGZ1EjzOULQl6+lttsveSrk6ck7RE root@ubuntu-bionic
[   14.275406] cloud-init[943]: The key's randomart image is:
[   14.275839] cloud-init[943]: +---[ECDSA 256]---+
[   14.276304] cloud-init[943]: |     ..+=o+.+    |
[   14.276779] cloud-init[943]: |     .o= *o+ .   |
[   14.277171] cloud-init[943]: |    . + = + .    |
[   14.277650] cloud-init[943]: |     o * . = .   |
[   14.278097] cloud-init[943]: |    . * S * E    |
[   14.278556] cloud-init[943]: |     + = + = o   |
[   14.279042] cloud-init[943]: |      .   o B.o  |
[   14.279519] cloud-init[943]: |           =o+.. |
[   14.279984] cloud-init[943]: |            +=+. |
[   14.280537] cloud-init[943]: +----[SHA256]-----+
[   14.281235] cloud-init[943]: Generating public/private ed25519 key pair.
[   14.281837] cloud-init[943]: Your identification has been saved in /etc/ssh/ssh_host_ed25519_key.
[   14.282537] cloud-init[943]: Your public key has been saved in /etc/ssh/ssh_host_ed25519_key.pub.
[   14.283221] cloud-init[943]: The key fingerprint is:
[   14.283685] cloud-init[943]: SHA256:xNrMWmpMqdVEsQOcHhW5A2w5a+tIlAKsT+Sm0cj2XqA root@ubuntu-bionic
[   14.284416] cloud-init[943]: The key's randomart image is:
[   14.284908] cloud-init[943]: +--[ED25519 256]--+
[   14.285406] cloud-init[943]: |.    o.+=+       |
[   14.285900] cloud-init[943]: |...   X+..       |
[   14.286413] cloud-init[943]: |o*   + =*.       |
[   14.286870] cloud-init[943]: |+o*.o +Xo.       |
[   14.287308] cloud-init[943]: |.*oo..=.S.       |
[   14.287831] cloud-init[943]: |.E...*.+         |
[   14.288344] cloud-init[943]: |  ..oo=          |
[   14.288894] cloud-init[943]: |   ....          |
[   14.289373] cloud-init[943]: |                 |
[   14.289804] cloud-init[943]: +----[SHA256]-----+
[[0;32m  OK  [0m] Started Initial cloud-init job (metadata service crawler).
[[0;32m  OK  [0m] Reached target System Initialization.
[[0;32m  OK  [0m] Listening on D-Bus System Message Bus Socket.
[[0;32m  OK  [0m] Started Daily apt download activities.
[[0;32m  OK  [0m] Listening on UUID daemon activation socket.
[[0;32m  OK  [0m] Started Message of the Day.
[[0;32m  OK  [0m] Started Discard unused blocks once a week.
[[0;32m  OK  [0m] Started ACPI Events Check.
[[0;32m  OK  [0m] Started Daily apt upgrade and clean activities.
[[0;32m  OK  [0m] Listening on cloud-init hotplug hook socket.
[[0;32m  OK  [0m] Started Daily Cleanup of Temporary Directories.
         Starting Socket activation for snappy daemon.
[[0;32m  OK  [0m] Listening on Open-iSCSI iscsid Socket.
[[0;32m  OK  [0m] Listening on ACPID Listen Socket.
[[0;32m  OK  [0m] Started Ubuntu Advantage Timer for running repeated jobs.
         Starting LXD - unix socket.
[[0;32m  OK  [0m] Reached target Timers.
[[0;32m  OK  [0m] Reached target Paths.
[[0;32m  OK  [0m] Reached target Cloud-config availability.
[[0;32m  OK  [0m] Reached target Network is Online.
         Starting Availability of block devices...
[[0;32m  OK  [0m] Reached target Remote File Systems (Pre).
[[0;32m  OK  [0m] Reached target Remote File Systems.
[[0;32m  OK  [0m] Listening on Socket activation for snappy daemon.
[[0;32m  OK  [0m] Listening on LXD - unix socket.
[[0;32m  OK  [0m] Reached target Sockets.
[[0;32m  OK  [0m] Reached target Basic System.
         Starting Permit User Sessions...
         Starting Accounts Service...
         Starting LSB: automatic crash report generation...
         Starting Pollinate to seed the pseudo random number generator...
         Starting System Logging Service...
[[0;32m  OK  [0m] Started irqbalance daemon.
         Starting LSB: Record successful boot for GRUB...
[[0;32m  OK  [0m] Started Deferred execution scheduler.
         Starting LXD - container startup/shutdown...
         Starting Login Service...
[[0;32m  OK  [0m] Started D-Bus System Message Bus.
[[0;32m  OK  [0m] Started FUSE filesystem for LXC.
[[0;32m  OK  [0m] Reached target Login Prompts (Pre).
[[0;32m  OK  [0m] Started Regular background program processing daemon.
         Starting Virtualbox guest utils...
         Starting Dispatcher daemon for systemd-networkd...
         Starting Snap Daemon...
[[0;32m  OK  [0m] Started System Logging Service.
[[0;32m  OK  [0m] Started Availability of block devices.
[[0;32m  OK  [0m] Started Permit User Sessions.
[[0;32m  OK  [0m] Started Login Service.
         Starting Authorization Manager...
[[0;32m  OK  [0m] Started Unattended Upgrades Shutdown.
         Starting Hostname Service...
         Starting Hold until boot process finishes up...
         Starting Terminate Plymouth Boot Screen...
[[0;32m  OK  [0m] Started Hold until boot process finishes up.
         Starting Set console scheme...
[[0;32m  OK  [0m] Started Serial Getty on ttyS0.
[[0;32m  OK  [0m] Started Terminate Plymouth Boot Screen.
[[0;32m  OK  [0m] Started LSB: automatic crash report generation.
[[0;32m  OK  [0m] Started Set console scheme.
[[0;32m  OK  [0m] Created slice system-getty.slice.
[[0;32m  OK  [0m] Started Getty on tty1.
[[0;32m  OK  [0m] Reached target Login Prompts.
[[0;32m  OK  [0m] Started Hostname Service.
[[0;32m  OK  [0m] Started LSB: Record successful boot for GRUB.
[[0;32m  OK  [0m] Started Authorization Manager.
[[0;32m  OK  [0m] Started Accounts Service.
[[0;32m  OK  [0m] Started Virtualbox guest utils.
[[0;32m  OK  [0m] Started LXD - container startup/shutdown.
[[0;32m  OK  [0m] Started Dispatcher daemon for systemd-networkd.
[[0;32m  OK  [0m] Started Snap Daemon.
         Starting Wait until snapd is fully seeded...
[[0;32m  OK  [0m] Started Pollinate to seed the pseudo random number generator.
         Starting OpenBSD Secure Shell server...
[[0;32m  OK  [0m] Started OpenBSD Secure Shell server.
         Starting Time & Date Service...
[[0;32m  OK  [0m] Started Time & Date Service.
[[0;32m  OK  [0m] Started Wait until snapd is fully seeded.
         Starting Apply the settings specified in cloud-config...
[[0;32m  OK  [0m] Created slice User Slice of vagrant.
         Starting User Manager for UID 1000...
[[0;32m  OK  [0m] Started Session 1 of user vagrant.
[[0;32m  OK  [0m] Started User Manager for UID 1000.
[   18.929876] cloud-init[1597]: Cloud-init v. 23.1.2-0ubuntu0~18.04.1 running 'modules:config' at Tue, 26 Nov 2024 00:06:04 +0000. Up 17.85 seconds.
[[0;32m  OK  [0m] Started Apply the settings specified in cloud-config.
[[0;32m  OK  [0m] Reached target Multi-User System.
[[0;32m  OK  [0m] Reached target Graphical Interface.
         Starting Update UTMP about System Runlevel Changes...
         Starting Execute cloud user/final scripts...
[[0;32m  OK  [0m] Started Update UTMP about System Runlevel Changes.
ci-info: no authorized SSH keys fingerprints found for user ubuntu.
<14>Nov 26 00:06:06 cloud-init: #############################################################
<14>Nov 26 00:06:06 cloud-init: -----BEGIN SSH HOST KEY FINGERPRINTS-----
<14>Nov 26 00:06:06 cloud-init: 1024 SHA256:ptrcvv2vqBpydogA2cfAXqS7EP4PQ8fOzw1+N8ljgWQ root@ubuntu-bionic (DSA)
<14>Nov 26 00:06:06 cloud-init: 256 SHA256:cFwyWEj6tlC5aWfGZ1EjzOULQl6+lttsveSrk6ck7RE root@ubuntu-bionic (ECDSA)
<14>Nov 26 00:06:06 cloud-init: 256 SHA256:xNrMWmpMqdVEsQOcHhW5A2w5a+tIlAKsT+Sm0cj2XqA root@ubuntu-bionic (ED25519)
<14>Nov 26 00:06:06 cloud-init: 2048 SHA256:IovdFfMOiRpmfmbDLFLNwrZI29IRRLV5c4Ek2WF1lJo root@ubuntu-bionic (RSA)
<14>Nov 26 00:06:06 cloud-init: -----END SSH HOST KEY FINGERPRINTS-----
<14>Nov 26 00:06:06 cloud-init: #############################################################
-----BEGIN SSH HOST KEY KEYS-----
ecdsa-sha2-nistp256 AAAAE2VjZHNhLXNoYTItbmlzdHAyNTYAAAAIbmlzdHAyNTYAAABBBHcY7ckDzobclQsi09kGuBnCclSvd2h2OQJ9FFfxsxbSMSfP0mspaT39IU0O3nK6UOv3r4nS0UfywGeLTGkQeZc= root@ubuntu-bionic
ssh-ed25519 AAAAC3NzaC1lZDI1NTE5AAAAILvCNJyMv1nwAFgE/V2zUP47eVlOODHXD2yICOv+kp7j root@ubuntu-bionic
ssh-rsa AAAAB3NzaC1yc2EAAAADAQABAAABAQDM1RDMVEZqrEVvLCaMJBcMUpM1oF9QLHiMYw+/rPpx3S/BzbUK5gXkOyeVFfFwXyRckPJNa+sH3r5hZkmE4OM2z7ra1OUU9Owj7mOQ0oZNn4zckBj+GJOmIGm5mRF/moZT6nzkmWVzt5Js7V8rGPBnpVOJyOuNPBKyenN/4cfBY6aiIWZmG9r10kADHbzx/2m9pigP+pllLHTd8modgC4WpXvMnNKI7nPVuCt24RB0y9e024fnGyvWjVt+3MuOQh5R1M5xdNy+YNzAVpfVK3iS51ZIOSGbCyR6zNfS22LSh0XEEvC21NXaV5sA1F1OiHJXtySomVmDuC8rOV3knMqV root@ubuntu-bionic
-----END SSH HOST KEY KEYS-----
[   19.618968] cloud-init[1701]: Cloud-init v. 23.1.2-0ubuntu0~18.04.1 running 'modules:final' at Tue, 26 Nov 2024 00:06:06 +0000. Up 19.38 seconds.
[   19.620028] cloud-init[1701]: Cloud-init v. 23.1.2-0ubuntu0~18.04.1 finished at Tue, 26 Nov 2024 00:06:06 +0000. Datasource DataSourceNoCloud [seed=/dev/sdb][dsmode=net].  Up 19.61 seconds
[[0;32m  OK  [0m] Started Execute cloud user/final scripts.
[[0;32m  OK  [0m] Reached target Cloud-init target.

Ubuntu 18.04.6 LTS ubuntu-bionic ttyS0

ubuntu-bionic login:          Stopping Availability of block devices...
         Stopping Authorization Manager...
[[0;32m  OK  [0m] Stopped target Timers.
[[0;32m  OK  [0m] Stopped Daily Cleanup of Temporary Directories.
[[0;32m  OK  [0m] Stopped Daily apt upgrade and clean activities.
[[0;32m  OK  [0m] Stopped Discard unused blocks once a week.
[[0;32m  OK  [0m] Stopped Message of the Day.
         Stopping User Manager for UID 1000...
[[0;32m  OK  [0m] Stopped Daily apt download activities.
[[0;32m  OK  [0m] Stopped target System Time Synchronized.
[[0;32m  OK  [0m] Closed Load/Save RF Kill Switch Status /dev/rfkill Watch.
[[0;32m  OK  [0m] Stopped target Graphical Interface.
         Stopping Accounts Service...
[[0;32m  OK  [0m] Stopped target Cloud-init target.
[[0;32m  OK  [0m] Stopped Execute cloud user/final scripts.
[[0;32m  OK  [0m] Stopped Apply the settings specified in cloud-config.
[[0;32m  OK  [0m] Stopped target Cloud-config availability.
[[0;32m  OK  [0m] Stopped target Multi-User System.
         Stopping LXD - container startup/shutdown...
         Stopping FUSE filesystem for LXC...
         Stopping D-Bus System Message Bus...
         Stopping Deferred execution scheduler...
[[0;32m  OK  [0m] Stopped target Login Prompts.
                  Stopping Serial Getty on ttyS0...
         Stopping LSB: automatic crash report generation...
         Stopping LSB: Record successful boot for GRUB...
         Stopping Dispatcher daemon for systemd-networkd...
         Stopping System Logging Service...
[[0;32m  OK  [0m] Stopped Wait until snapd is fully seeded.
         Stopping The Apache HTTP Server...
         Stopping OpenBSD Secure Shell server...
         Stopping Regular background program processing daemon...
         Stopping irqbalance daemon...
         Stopping Session 5 of user vagrant.
[[0;32m  OK  [0m] Stopped Ubuntu Advantage Timer for running repeated jobs.
         Stopping Virtualbox guest utils...
[[0;32m  OK  [0m] Unmounted /var/lib/lxcfs.
[[0;32m  OK  [0m] Stopped Accounts Service.
[[0;32m  OK  [0m] Stopped System Logging Service.
[[0;32m  OK  [0m] Stopped irqbalance daemon.
[[0;32m  OK  [0m] Stopped Deferred execution scheduler.
[[0;32m  OK  [0m] Stopped Regular background program processing daemon.
[[0;32m  OK  [0m] Stopped Dispatcher daemon for systemd-networkd.
[[0;32m  OK  [0m] Stopped Authorization Manager.
[[0;32m  OK  [0m] Stopped Serial Getty on ttyS0.
[[0;32m  OK  [0m] Stopped Getty on tty1.
[[0;32m  OK  [0m] Stopped OpenBSD Secure Shell server.
[[0;32m  OK  [0m] Stopped User Manager for UID 1000.
[[0;32m  OK  [0m] Stopped Availability of block devices.
[[0;32m  OK  [0m] Stopped D-Bus System Message Bus.
[[0;32m  OK  [0m] Stopped The Apache HTTP Server.
[[0;32m  OK  [0m] Stopped FUSE filesystem for LXC.
[[0;32m  OK  [0m] Stopped Session 5 of user vagrant.
[[0;32m  OK  [0m] Stopped target Host and Network Name Lookups.
[[0;32m  OK  [0m] Removed slice User Slice of vagrant.
         Stopping Login Service...
[[0;32m  OK  [0m] Removed slice system-getty.slice.
[[0;32m  OK  [0m] Stopped target Login Prompts (Pre).
[[0;32m  OK  [0m] Removed slice system-serial\x2dgetty.slice.
         Stopping Permit User Sessions...
[[0;32m  OK  [0m] Stopped LXD - container startup/shutdown.
[[0;32m  OK  [0m] Stopped LSB: Record successful boot for GRUB.
[[0;32m  OK  [0m] Stopped Permit User Sessions.
[[0;32m  OK  [0m] Stopped Virtualbox guest utils.
[[0;32m  OK  [0m] Stopped LSB: automatic crash report generation.
[[0;32m  OK  [0m] Stopped target Remote File Systems.
         Unmounting /vagrant...
[[0;32m  OK  [0m] Stopped Login Service.
[[0;32m  OK  [0m] Unmounted /vagrant.
[[0;32m  OK  [0m] Stopped target Network is Online.
[[0;32m  OK  [0m] Stopped target Network.
         Stopping Network Name Resolution...
[[0;32m  OK  [0m] Stopped target Remote File Systems (Pre).
[[0;32m  OK  [0m] Stopped target User and Group Name Lookups.
[[0;32m  OK  [0m] Stopped target Basic System.
[[0;32m  OK  [0m] Stopped target Paths.
[[0;32m  OK  [0m] Stopped ACPI Events Check.
[[0;32m  OK  [0m] Stopped target Slices.
[[0;32m  OK  [0m] Removed slice User and Session Slice.
[[0;32m  OK  [0m] Stopped target Sockets.
[[0;32m  OK  [0m] Closed LXD - unix socket.
[[0;32m  OK  [0m] Closed Socket activation for snappy daemon.
[[0;32m  OK  [0m] Closed UUID daemon activation socket.
[[0;32m  OK  [0m] Closed D-Bus System Message Bus Socket.
[[0;32m  OK  [0m] Closed cloud-init hotplug hook socket.
[[0;32m  OK  [0m] Closed Open-iSCSI iscsid Socket.
[[0;32m  OK  [0m] Closed ACPID Listen Socket.
[[0;32m  OK  [0m] Closed Syslog Socket.
[[0;32m  OK  [0m] Stopped target System Initialization.
[[0;32m  OK  [0m] Stopped target Local Encrypted Volumes.
[[0;32m  OK  [0m] Stopped Dispatch Password Requests to Console Directory Watch.
[[0;32m  OK  [0m] Stopped Forward Password Requests to Wall Directory Watch.
         Stopping Update UTMP about System Boot/Shutdown...
[[0;32m  OK  [0m] Stopped Initial cloud-init job (metadata service crawler).
[[0;32m  OK  [0m] Stopped Wait for Network to be Configured.
         Stopping Load/Save Random Seed...
[[0;32m  OK  [0m] Stopped Commit a transient machine-id on disk.
[[0;32m  OK  [0m] Stopped Network Name Resolution.
[[0;32m  OK  [0m] Stopped Load/Save Random Seed.
         Stopping Network Service...
[[0;32m  OK  [0m] Stopped Update UTMP about System Boot/Shutdown.
[[0;32m  OK  [0m] Stopped Create Volatile Files and Directories.
[[0;32m  OK  [0m] Stopped target Local File Systems.
         Unmounting /run/user/1000...
[[0;32m  OK  [0m] Stopped target Mounted snaps.
[[0;32m  OK  [0m] Stopped target Mounting snaps.
[[0;32m  OK  [0m] Unmounted /run/user/1000.
[[0;32m  OK  [0m] Stopped Network Service.
[[0;32m  OK  [0m] Stopped target Network (Pre).
[[0;32m  OK  [0m] Stopped Initial cloud-init job (pre-networking).
[[0;32m  OK  [0m] Stopped Apply Kernel Variables.
[[0;32m  OK  [0m] Stopped Load Kernel Modules.
[[0;32m  OK  [0m] Reached target Unmount All Filesystems.
[[0;32m  OK  [0m] Stopped target Swap.
[[0;32m  OK  [0m] Stopped target Local File Systems (Pre).
[[0;32m  OK  [0m] Stopped Create Static Device Nodes in /dev.
         Stopping Monitoring of LVM2 mirrors…ng dmeventd or progress polling...
[[0;32m  OK  [0m] Stopped Remount Root and Kernel File Systems.
[[0;32m  OK  [0m] Reached target Shutdown.
[[0;32m  OK  [0m] Reached target Final Step.
         Starting Power-Off...
[  139.595203] reboot: Power down
